-------------------------------------------------------------------------------
Test set: feature.TestRunner
-------------------------------------------------------------------------------
Tests run: 1, Failures: 1, Errors: 0, Skipped: 0, Time elapsed: 0.001 s <<< FAILURE! - in feature.TestRunner
testQuotes  Time elapsed: 0 s  <<< FAILURE!
org.opentest4j.AssertionFailedError: no features or scenarios found: [quotes]

