<?xml version="1.0" encoding="UTF-8"?>
<testsuite xmlns:xsi="http://www.w3.org/2001/XMLSchema-instance" xsi:noNamespaceSchemaLocation="https://maven.apache.org/surefire/maven-surefire-plugin/xsd/surefire-test-report.xsd" name="feature.ApiRunnerTest" time="6.618" tests="3" errors="0" skipped="0" failures="0">
  <properties>
[...]
</properties>
  <testcase name="testTags[1][1]" classname="feature.ApiRunnerTest" time="3.159"/>
  <testcase name="testSample[1][1]" classname="feature.ApiRunnerTest" time="1.128"/>
  <testcase name="testSample[1][2]" classname="feature.ApiRunnerTest" time="0.437"/>
</testsuite>